########### array before sorts ###########
0	1.270000	-12.700000	163.810000	-12.700000	n
1	163.810000	-12.700000	165.080000	108.890000	n
2	165.080000	108.890000	1.270000	108.890000	n
3	1.270000	108.890000	1.270000	-12.700000	n
Tolerance=0.050000.
*Exact match for i=0 and j=1.
*i point 1.270000	-12.700000	163.810000	-12.700000	y
*Exact match for i=1 and j=2.
*i point 163.810000	-12.700000	165.080000	108.890000	y
*Exact match for i=2 and j=3.
*i point 165.080000	108.890000	1.270000	108.890000	y
########### array after sorts ###########
0	1.270000	-12.700000	163.810000	-12.700000	y
1	163.810000	-12.700000	165.080000	108.890000	y
2	165.080000	108.890000	1.270000	108.890000	y
3	1.270000	108.890000	1.270000	-12.700000	y
***************
.BOARD_OUTLINE UNOWNED
1.6
0     1.270000     -12.700000     0
0     163.810000     -12.700000     0
0     165.080000     108.890000     0
0     1.270000     108.890000     0
0     1.270000     -12.700000     0
